<?xml version="1.0" encoding="UTF-8"?>
<!-- Generated by org.testng.reporters.JUnitXMLReporter -->
<testsuite ignored="0" hostname="IBM-BS8T4D4" failures="1" tests="14" name="API Test Execution" time="22.659" errors="0" timestamp="2026-01-20T21:41:44 IST">
  <testcase classname="com.apiTesting.BrandListTest" name="getAllBrandsList" time="6.107">
    <failure type="java.lang.AssertionError" message="1 expectation failed.
Expected response time was not a value less than &amp;lt;2000L&amp;gt; milliseconds, was 2800 milliseconds (2800 milliseconds).">
      <![CDATA[java.lang.AssertionError: 1 expectation failed.
Expected response time was not a value less than <2000L> milliseconds, was 2800 milliseconds (2800 milliseconds).
at org.codehaus.groovy.runtime.callsite.ConstructorSite$ConstructorSiteNoUnwrapNoCoerce.callConstructor(ConstructorSite.java:108)
at org.codehaus.groovy.runtime.callsite.CallSiteArray.defaultCallConstructor(CallSiteArray.java:57)
at org.codehaus.groovy.runtime.callsite.AbstractCallSite.callConstructor(AbstractCallSite.java:263)
at org.codehaus.groovy.runtime.callsite.AbstractCallSite.callConstructor(AbstractCallSite.java:277)
at io.restassured.internal.ResponseSpecificationImpl$HamcrestAssertionClosure.validate(ResponseSpecificationImpl.groovy:512)
at io.restassured.internal.ResponseSpecificationImpl$HamcrestAssertionClosure$validate$1.call(Unknown Source)
at io.restassured.internal.ResponseSpecificationImpl.validateResponseIfRequired(ResponseSpecificationImpl.groovy:696)
at io.restassured.internal.ResponseSpecificationImpl.this$2$validateResponseIfRequired(ResponseSpecificationImpl.groovy)
at org.codehaus.groovy.runtime.callsite.PlainObjectMetaMethodSite.doInvoke(PlainObjectMetaMethodSite.java:43)
at org.codehaus.groovy.runtime.callsite.PogoMetaMethodSite$PogoCachedMethodSiteNoUnwrapNoCoerce.invoke(PogoMetaMethodSite.java:198)
at org.codehaus.groovy.runtime.callsite.PogoMetaMethodSite.callCurrent(PogoMetaMethodSite.java:62)
at org.codehaus.groovy.runtime.callsite.CallSiteArray.defaultCallCurrent(CallSiteArray.java:49)
at org.codehaus.groovy.runtime.callsite.AbstractCallSite.callCurrent(AbstractCallSite.java:171)
at org.codehaus.groovy.runtime.callsite.AbstractCallSite.callCurrent(AbstractCallSite.java:185)
at io.restassured.internal.ResponseSpecificationImpl.time(ResponseSpecificationImpl.groovy:127)
at io.restassured.internal.ValidatableResponseOptionsImpl.time(ValidatableResponseOptionsImpl.java:409)
at io.restassured.internal.ValidatableResponseOptionsImpl.time(ValidatableResponseOptionsImpl.java:405)
at com.apiTesting.BrandListTest.getAllBrandsList(BrandListTest.java:27)
at java.base/java.util.ArrayList.forEach(ArrayList.java:1596)
... Removed 31 stack frames]]>
    </failure>
  </testcase> <!-- getAllBrandsList -->
  <testcase classname="com.apiTesting.BrandListTest" name="putToAllBrandsList" time="1.708"/>
  <testcase classname="com.apiTesting.ProductsListTest" name="getAllProductsList" time="1.496"/>
  <testcase classname="com.apiTesting.ProductsListTest" name="postToProductsList" time="1.405"/>
  <testcase classname="com.apiTesting.SearchProduct" name="postToSearchProduct" time="1.519"/>
  <testcase classname="com.apiTesting.SearchProduct" name="postToSearchProductWithoutParam" time="1.301"/>
  <testcase classname="com.apiTesting.LoginTest" name="deleteVerifyLogin" time="0.944"/>
  <testcase classname="com.apiTesting.LoginTest" name="verifyLoginWithInvalidDetails" time="0.946"/>
  <testcase classname="com.apiTesting.LoginTest" name="verifyLoginWithValidDetails" time="0.863"/>
  <testcase classname="com.apiTesting.LoginTest" name="verifyLoginWithoutEmail" time="1.33"/>
  <testcase classname="com.apiTesting.OperationsOnAccountTest" name="createUserAccount" time="1.484"/>
  <testcase classname="com.apiTesting.OperationsOnAccountTest" name="getUserDetailByEmail" time="1.265"/>
  <testcase classname="com.apiTesting.OperationsOnAccountTest" name="updateUserAccount" time="1.288"/>
  <testcase classname="com.apiTesting.OperationsOnAccountTest" name="deleteUserAccount" time="0.832"/>
</testsuite> <!-- API Test Execution -->
