<?xml version="1.0" encoding="UTF-8"?>
<!-- Generated by org.testng.reporters.JUnitXMLReporter -->
<testsuite ignored="0" hostname="IBM-3RKWNC4" failures="3" tests="26" name="Test" time="363.673" errors="0" timestamp="2026-01-19T10:00:30 IST">
  <testcase classname="com.automationexercise.tests.TestCase1" name="registerUser" time="5.769"/>
  <testcase classname="com.automationexercise.tests.TestCase2" name="loginUserWithCorrectEmailAndPassword" time="1.73"/>
  <testcase classname="com.automationexercise.tests.TestCase3" name="loginUserWithIncorrectEmailAndPassword" time="1.124"/>
  <testcase classname="com.automationexercise.tests.TestCase4" name="logoutUser" time="2.781"/>
  <testcase classname="com.automationexercise.tests.TestCase5" name="registerUserWithExistingEmail" time="1.121"/>
  <testcase classname="com.automationexercise.tests.TestCase6" name="contactUsForm" time="2.615"/>
  <testcase classname="com.automationexercise.tests.TestCase7" name="verifyTestCasesPage" time="0.871"/>
  <testcase classname="com.automationexercise.tests.TestCase8" name="verifyAllProductsAndProductDetailPage" time="1.448"/>
  <testcase classname="com.automationexercise.tests.TestCase9" name="searchProduct" time="1.145"/>
  <testcase classname="com.automationexercise.tests.TestCase10" name="verifySubscriptionInHomePage" time="0.253"/>
  <testcase classname="com.automationexercise.tests.TestCase11" name="verifySubscriptionInCartPage" time="1.129"/>
  <testcase classname="com.automationexercise.tests.TestCase12" name="addProductsInCart" time="2.556"/>
  <testcase classname="com.automationexercise.tests.TestCase13" name="verifyProductQuantityInCart" time="1.865"/>
  <testcase classname="com.automationexercise.tests.TestCase14" name="placeOrderRegisterWhileCheckout" time="11.98"/>
  <testcase classname="com.automationexercise.tests.TestCase15" name="placeOrderRegisterBeforeCheckout" time="12.009"/>
  <testcase classname="com.automationexercise.tests.TestCase16" name="placeOrderLoginBeforeCheckout" time="4.959"/>
  <testcase classname="com.automationexercise.tests.TestCase17" name="removeProductsFromCart" time="2.766"/>
  <testcase classname="com.automationexercise.tests.TestCase18" name="viewCategoryProducts" time="1.417"/>
  <testcase classname="com.automationexercise.tests.TestCase19" name="viewCartBrandProducts" time="2.319"/>
  <testcase classname="com.automationexercise.tests.TestCase20" name="searchProductsAndVerifyCartAfterLogin" time="10.316">
    <failure type="java.lang.AssertionError" message="Verify that products are visible in cart expected [Summer White Top] but found [Blue Top]">
      <![CDATA[java.lang.AssertionError: Verify that products are visible in cart expected [Summer White Top] but found [Blue Top]
at com.automationexercise.tests.TestCase20.clickCartButtonAndVerifyThatProductsAreVisibleInCart(TestCase20.java:35)
at com.automationexercise.tests.TestCase20.verifyThatThoseProductsAreVisibleInCartAfterLoginAsWell(TestCase20.java:41)
at com.automationexercise.tests.TestCase20.searchProductsAndVerifyCartAfterLogin(TestCase20.java:26)
at java.base/java.util.concurrent.ThreadPoolExecutor.runWorker(ThreadPoolExecutor.java:1144)
at java.base/java.util.concurrent.ThreadPoolExecutor$Worker.run(ThreadPoolExecutor.java:642)
at java.base/java.lang.Thread.run(Thread.java:1583)
... Removed 15 stack frames]]>
    </failure>
  </testcase> <!-- searchProductsAndVerifyCartAfterLogin -->
  <testcase classname="com.automationexercise.tests.TestCase21" name="addReviewOnProduct" time="1.389"/>
  <testcase classname="com.automationexercise.tests.TestCase22" name="AddToCartFromRecommendedItems" time="5.416">
    <failure type="org.openqa.selenium.TimeoutException" message="Expected condition failed: waiting for condition (element to be clickable: [[FirefoxDriver: firefox on WINDOWS (ee3aa9b5-6f5a-4ee4-bf65-0b04bab872c5)] -&amp;gt; css selector: div[id=&amp;apos;recommended-item-carousel&amp;apos;] a[class=&amp;apos;btn btn-default add-to-cart&amp;apos;]]) to be refreshed (tried for 5 second(s) with 500 milliseconds interval)
Build info: version: &amp;apos;4.9.0&amp;apos;, revision: &amp;apos;d7057100a6&amp;apos;
System info: os.name: &amp;apos;Windows 11&amp;apos;, os.arch: &amp;apos;amd64&amp;apos;, os.version: &amp;apos;10.0&amp;apos;, java.version: &amp;apos;21.0.9&amp;apos;
Driver info: org.openqa.selenium.firefox.FirefoxDriver
Capabilities {acceptInsecureCerts: true, browserName: firefox, browserVersion: 147.0.1, moz:accessibilityChecks: false, moz:buildID: 20260116091309, moz:geckodriverVersion: 0.36.0, moz:headless: false, moz:platformVersion: 10.0, moz:processID: 33016, moz:profile: C:\Users\GopalDas\AppData\L..., moz:shutdownTimeout: 60000, moz:webdriverClick: true, moz:windowless: false, pageLoadStrategy: normal, platformName: WINDOWS, proxy: Proxy(), setWindowRect: true, strictFileInteractability: false, timeouts: {implicit: 0, pageLoad: 300000, script: 30000}, unhandledPromptBehavior: dismiss and notify, userAgent: Mozilla/5.0 (Windows NT 10....}
Session ID: ee3aa9b5-6f5a-4ee4-bf65-0b04bab872c5">
      <![CDATA[org.openqa.selenium.TimeoutException: Expected condition failed: waiting for condition (element to be clickable: [[FirefoxDriver: firefox on WINDOWS (ee3aa9b5-6f5a-4ee4-bf65-0b04bab872c5)] -> css selector: div[id='recommended-item-carousel'] a[class='btn btn-default add-to-cart']]) to be refreshed (tried for 5 second(s) with 500 milliseconds interval)
Build info: version: '4.9.0', revision: 'd7057100a6'
System info: os.name: 'Windows 11', os.arch: 'amd64', os.version: '10.0', java.version: '21.0.9'
Driver info: org.openqa.selenium.firefox.FirefoxDriver
Capabilities {acceptInsecureCerts: true, browserName: firefox, browserVersion: 147.0.1, moz:accessibilityChecks: false, moz:buildID: 20260116091309, moz:geckodriverVersion: 0.36.0, moz:headless: false, moz:platformVersion: 10.0, moz:processID: 33016, moz:profile: C:\Users\GopalDas\AppData\L..., moz:shutdownTimeout: 60000, moz:webdriverClick: true, moz:windowless: false, pageLoadStrategy: normal, platformName: WINDOWS, proxy: Proxy(), setWindowRect: true, strictFileInteractability: false, timeouts: {implicit: 0, pageLoad: 300000, script: 30000}, unhandledPromptBehavior: dismiss and notify, userAgent: Mozilla/5.0 (Windows NT 10....}
Session ID: ee3aa9b5-6f5a-4ee4-bf65-0b04bab872c5
at org.openqa.selenium.support.ui.WebDriverWait.timeoutException(WebDriverWait.java:87)
at org.openqa.selenium.support.ui.FluentWait.until(FluentWait.java:231)
at com.automationexercise.utils.SeleniumHelper.waitForElementToBeClickable(SeleniumHelper.java:33)
at com.automationexercise.pages.HomePage.blueTopAddToCartButtonClick(HomePage.java:137)
at com.automationexercise.tests.TestCase22.verifyThatProductIsDisplayedInCartPage(TestCase22.java:25)
at com.automationexercise.tests.TestCase22.AddToCartFromRecommendedItems(TestCase22.java:13)
at java.base/java.util.concurrent.ThreadPoolExecutor.runWorker(ThreadPoolExecutor.java:1144)
at java.base/java.util.concurrent.ThreadPoolExecutor$Worker.run(ThreadPoolExecutor.java:642)
at java.base/java.lang.Thread.run(Thread.java:1583)
... Removed 10 stack frames]]>
    </failure>
  </testcase> <!-- AddToCartFromRecommendedItems -->
  <testcase classname="com.automationexercise.tests.TestCase23" name="verifyAddressDetailsInCheckoutPage" time="9.286"/>
  <testcase classname="com.automationexercise.tests.TestCase24" name="downloadInvoiceAfterPurchaseOrder" time="17.842"/>
  <testcase classname="com.automationexercise.tests.TestCase25" name="verifyScrollUpUsingArrowButtonAndScrollDownFunctionality" time="1.245">
    <failure type="java.lang.ClassCastException" message="class java.lang.Long cannot be cast to class java.lang.Double (java.lang.Long and java.lang.Double are in module java.base of loader &amp;apos;bootstrap&amp;apos;)">
      <![CDATA[java.lang.ClassCastException: class java.lang.Long cannot be cast to class java.lang.Double (java.lang.Long and java.lang.Double are in module java.base of loader 'bootstrap')
at com.automationexercise.tests.TestCase25.verifyThatPageIsScrolledUpAndFullFledgedPracticeWebsiteForAutomationEngineersTextIsVisibleOnScreen(TestCase25.java:32)
at com.automationexercise.tests.TestCase25.verifyScrollUpUsingArrowButtonAndScrollDownFunctionality(TestCase25.java:14)
at java.base/java.util.concurrent.ThreadPoolExecutor.runWorker(ThreadPoolExecutor.java:1144)
at java.base/java.util.concurrent.ThreadPoolExecutor$Worker.run(ThreadPoolExecutor.java:642)
at java.base/java.lang.Thread.run(Thread.java:1583)
... Removed 10 stack frames]]>
    </failure>
  </testcase> <!-- verifyScrollUpUsingArrowButtonAndScrollDownFunctionality -->
  <testcase classname="com.automationexercise.tests.TestCase26" name="verifyScrollUpWithoutArrowButtonAndScrollDownFunctionality" time="1.182"/>
</testsuite> <!-- Test -->
