<?xml version="1.0" encoding="UTF-8"?>
<testng-results ignored="0" total="1" passed="1" failed="0" skipped="0">
  <reporter-output>
  </reporter-output>
  <suite started-at="2026-01-20T20:55:04 IST" name="Default suite" finished-at="2026-01-20T20:55:29 IST" duration-ms="25017">
    <groups>
      <group name="cucumber">
        <method signature="AbstractTestNGCucumberTests.runScenario(io.cucumber.testng.PickleWrapper,io.cucumber.testng.FeatureWrapper)[pri:0, instance:com.bdd.runners.CucumberTestRunner@2a266d09]" name="runScenario" class="io.cucumber.testng.AbstractTestNGCucumberTests"/>
      </group> <!-- cucumber -->
    </groups>
    <test started-at="2026-01-20T20:55:04 IST" name="Default test" finished-at="2026-01-20T20:55:29 IST" duration-ms="25017">
      <class name="com.bdd.runners.CucumberTestRunner">
        <test-method is-config="true" signature="setUpClass(org.testng.ITestContext)[pri:0, instance:com.bdd.runners.CucumberTestRunner@2a266d09]" started-at="2026-01-20T20:55:04 IST" name="setUpClass" finished-at="2026-01-20T20:55:04 IST" duration-ms="712" status="PASS">
          <params>
            <param index="0">
              <value>
                <![CDATA[org.testng.TestRunner@805e72e]]>
              </value>
            </param>
          </params>
          <reporter-output>
          </reporter-output>
        </test-method> <!-- setUpClass -->
        <test-method signature="runScenario(io.cucumber.testng.PickleWrapper,io.cucumber.testng.FeatureWrapper)[pri:0, instance:com.bdd.runners.CucumberTestRunner@2a266d09]" started-at="2026-01-20T20:55:05 IST" name="runScenario" description="Runs Cucumber Scenarios" data-provider="scenarios" finished-at="2026-01-20T20:55:29 IST" duration-ms="24229" status="PASS">
          <params>
            <param index="0">
              <value>
                <![CDATA["Logout user successfully"]]>
              </value>
            </param>
            <param index="1">
              <value>
                <![CDATA["Logout User"]]>
              </value>
            </param>
          </params>
          <reporter-output>
          </reporter-output>
        </test-method> <!-- runScenario -->
        <test-method is-config="true" signature="tearDownClass()[pri:0, instance:com.bdd.runners.CucumberTestRunner@2a266d09]" started-at="2026-01-20T20:55:29 IST" name="tearDownClass" finished-at="2026-01-20T20:55:29 IST" duration-ms="21" status="PASS">
          <reporter-output>
          </reporter-output>
        </test-method> <!-- tearDownClass -->
      </class> <!-- com.bdd.runners.CucumberTestRunner -->
    </test> <!-- Default test -->
  </suite> <!-- Default suite -->
</testng-results>
