<?xml version="1.0" encoding="UTF-8"?>
<!-- Generated by org.testng.reporters.JUnitReportReporter -->
<testsuite hostname="IBM-3RKWNC4" failures="1" tests="1" name="com.automationexercise.tests.TestCase20" time="20.476" errors="0" timestamp="2026-01-19T10:00:30 IST" skipped="0">
  <testcase classname="com.automationexercise.tests.TestCase20" name="searchProductsAndVerifyCartAfterLogin" time="20.476">
    <failure message="Verify that products are visible in cart expected [Summer White Top] but found [Blue Top]" type="java.lang.AssertionError">
      <![CDATA[java.lang.AssertionError: Verify that products are visible in cart expected [Summer White Top] but found [Blue Top]
at org.testng.Assert.fail(Assert.java:110)
at org.testng.Assert.failNotEquals(Assert.java:1577)
at org.testng.Assert.assertEqualsImpl(Assert.java:149)
at org.testng.Assert.assertEquals(Assert.java:131)
at org.testng.Assert.assertEquals(Assert.java:655)
at com.automationexercise.tests.TestCase20.clickCartButtonAndVerifyThatProductsAreVisibleInCart(TestCase20.java:35)
at com.automationexercise.tests.TestCase20.verifyThatThoseProductsAreVisibleInCartAfterLoginAsWell(TestCase20.java:41)
at com.automationexercise.tests.TestCase20.searchProductsAndVerifyCartAfterLogin(TestCase20.java:26)
at java.base/jdk.internal.reflect.DirectMethodHandleAccessor.invoke(DirectMethodHandleAccessor.java:103)
at java.base/java.lang.reflect.Method.invoke(Method.java:580)
at org.testng.internal.invokers.MethodInvocationHelper.invokeMethod(MethodInvocationHelper.java:139)
at org.testng.internal.invokers.TestInvoker.invokeMethod(TestInvoker.java:677)
at org.testng.internal.invokers.TestInvoker.invokeTestMethod(TestInvoker.java:221)
at org.testng.internal.invokers.MethodRunner.runInSequence(MethodRunner.java:50)
at org.testng.internal.invokers.TestInvoker$MethodInvocationAgent.invoke(TestInvoker.java:969)
at org.testng.internal.invokers.TestInvoker.invokeTestMethods(TestInvoker.java:194)
at org.testng.internal.invokers.TestMethodWorker.invokeTestMethods(TestMethodWorker.java:148)
at org.testng.internal.invokers.TestMethodWorker.run(TestMethodWorker.java:128)
at java.base/java.util.concurrent.ThreadPoolExecutor.runWorker(ThreadPoolExecutor.java:1144)
at java.base/java.util.concurrent.ThreadPoolExecutor$Worker.run(ThreadPoolExecutor.java:642)
at java.base/java.lang.Thread.run(Thread.java:1583)
]]>
    </failure>
  </testcase> <!-- searchProductsAndVerifyCartAfterLogin -->
  <system-out/>
</testsuite> <!-- com.automationexercise.tests.TestCase20 -->
