<?xml version="1.0" encoding="UTF-8"?>
<!-- Generated by org.testng.reporters.JUnitReportReporter -->
<testsuite hostname="IBM-3RKWNC4" failures="0" tests="1" name="com.automationexercise.tests.TestCase25" time="10.556" errors="0" timestamp="2026-01-20T15:19:08 IST" skipped="0">
  <testcase classname="com.automationexercise.tests.TestCase25" name="verifyScrollUpUsingArrowButtonAndScrollDownFunctionality" time="10.556"/>
  <system-out/>
</testsuite> <!-- com.automationexercise.tests.TestCase25 -->
