<?xml version="1.0" encoding="UTF-8"?>
<!-- Generated by org.testng.reporters.JUnitReportReporter -->
<testsuite hostname="IBM-BS8T4D4" failures="0" tests="2" name="com.apiTesting.SearchProduct" time="2.820" errors="0" timestamp="2026-01-20T21:41:44 IST" skipped="0">
  <testcase classname="com.apiTesting.SearchProduct" name="postToSearchProduct" time="1.519"/>
  <system-out/>
  <testcase classname="com.apiTesting.SearchProduct" name="postToSearchProductWithoutParam" time="1.301"/>
  <system-out/>
</testsuite> <!-- com.apiTesting.SearchProduct -->
