<?xml version="1.0" encoding="UTF-8"?>
<!-- Generated by org.testng.reporters.JUnitReportReporter -->
<testsuite hostname="IBM-BS8T4D4" failures="0" tests="4" name="com.apiTesting.OperationsOnAccountTest" time="3.982" errors="0" timestamp="2026-01-20T12:29:49 IST" skipped="0">
  <testcase classname="com.apiTesting.OperationsOnAccountTest" name="createUserAccount" time="1.059"/>
  <system-out/>
  <testcase classname="com.apiTesting.OperationsOnAccountTest" name="getUserDetailByEmail" time="1.152"/>
  <system-out/>
  <testcase classname="com.apiTesting.OperationsOnAccountTest" name="updateUserAccount" time="1.081"/>
  <system-out/>
  <testcase classname="com.apiTesting.OperationsOnAccountTest" name="deleteUserAccount" time="0.690"/>
  <system-out/>
</testsuite> <!-- com.apiTesting.OperationsOnAccountTest -->
