<?xml version="1.0" encoding="UTF-8"?>
<!-- Generated by org.testng.reporters.JUnitReportReporter -->
<testsuite hostname="IBM-3RKWNC4" failures="0" tests="1" name="com.automationexercise.tests.TestCase26" time="11.033" errors="0" timestamp="2026-01-19T10:00:30 IST" skipped="0">
  <testcase classname="com.automationexercise.tests.TestCase26" name="verifyScrollUpWithoutArrowButtonAndScrollDownFunctionality" time="11.033"/>
  <system-out/>
</testsuite> <!-- com.automationexercise.tests.TestCase26 -->
