<?xml version="1.0" encoding="UTF-8"?>
<!-- Generated by org.testng.reporters.JUnitReportReporter -->
<testsuite hostname="IBM-BS8T4D4" failures="0" tests="2" name="com.apiTesting.ProductsListTest" time="2.901" errors="0" timestamp="2026-01-20T21:41:44 IST" skipped="0">
  <testcase classname="com.apiTesting.ProductsListTest" name="getAllProductsList" time="1.496"/>
  <system-out/>
  <testcase classname="com.apiTesting.ProductsListTest" name="postToProductsList" time="1.405"/>
  <system-out/>
</testsuite> <!-- com.apiTesting.ProductsListTest -->
