<?xml version="1.0" encoding="UTF-8"?>
<!-- Generated by org.testng.reporters.JUnitReportReporter -->
<testsuite hostname="IBM-3RKWNC4" failures="0" tests="14" name="com.apiTesting.ApiTesting" time="17.835" errors="0" timestamp="2026-01-19T16:45:48 IST" skipped="0">
  <testcase classname="com.apiTesting.ApiTesting" name="getAllProductsList" time="1.250"/>
  <system-out/>
  <testcase classname="com.apiTesting.ApiTesting" name="deleteUserAccount" time="3.605"/>
  <system-out/>
  <testcase classname="com.apiTesting.ApiTesting" name="postToVerifyLoginWithValidDetails" time="1.122"/>
  <system-out/>
  <testcase classname="com.apiTesting.ApiTesting" name="postToVerifyLoginWithInvalidDetails" time="1.226"/>
  <system-out/>
  <testcase classname="com.apiTesting.ApiTesting" name="postToVerifyLoginWithoutEmail" time="1.161"/>
  <system-out/>
  <testcase classname="com.apiTesting.ApiTesting" name="getAllBrandsList" time="1.176"/>
  <system-out/>
  <testcase classname="com.apiTesting.ApiTesting" name="postToProductsList" time="0.870"/>
  <system-out/>
  <testcase classname="com.apiTesting.ApiTesting" name="getUserDetailByEmail" time="0.844"/>
  <system-out/>
  <testcase classname="com.apiTesting.ApiTesting" name="putToUpdateUserAccount" time="1.222"/>
  <system-out/>
  <testcase classname="com.apiTesting.ApiTesting" name="postToSearchProductWithoutParam" time="1.230"/>
  <system-out/>
  <testcase classname="com.apiTesting.ApiTesting" name="deleteVerifyLogin" time="1.376"/>
  <system-out/>
  <testcase classname="com.apiTesting.ApiTesting" name="postToCreateUserAccount" time="1.343"/>
  <system-out/>
  <testcase classname="com.apiTesting.ApiTesting" name="putToAllBrandsList" time="0.677"/>
  <system-out/>
  <testcase classname="com.apiTesting.ApiTesting" name="postToSearchProduct" time="0.733"/>
  <system-out/>
</testsuite> <!-- com.apiTesting.ApiTesting -->
