<?xml version="1.0" encoding="UTF-8"?>
<!-- Generated by org.testng.reporters.JUnitReportReporter -->
<testsuite hostname="IBM-BS8T4D4" failures="0" tests="4" name="com.apiTesting.OperationsOnAccountTest" time="4.869" errors="0" timestamp="2026-01-20T21:41:44 IST" skipped="0">
  <testcase classname="com.apiTesting.OperationsOnAccountTest" name="createUserAccount" time="1.484"/>
  <system-out/>
  <testcase classname="com.apiTesting.OperationsOnAccountTest" name="getUserDetailByEmail" time="1.265"/>
  <system-out/>
  <testcase classname="com.apiTesting.OperationsOnAccountTest" name="updateUserAccount" time="1.288"/>
  <system-out/>
  <testcase classname="com.apiTesting.OperationsOnAccountTest" name="deleteUserAccount" time="0.832"/>
  <system-out/>
</testsuite> <!-- com.apiTesting.OperationsOnAccountTest -->
