<?xml version="1.0" encoding="UTF-8"?>
<!-- Generated by org.testng.reporters.JUnitReportReporter -->
<testsuite hostname="IBM-BS8T4D4" failures="0" tests="4" name="com.apiTesting.LoginTest" time="4.083" errors="0" timestamp="2026-01-20T21:41:44 IST" skipped="0">
  <testcase classname="com.apiTesting.LoginTest" name="deleteVerifyLogin" time="0.944"/>
  <system-out/>
  <testcase classname="com.apiTesting.LoginTest" name="verifyLoginWithValidDetails" time="0.863"/>
  <system-out/>
  <testcase classname="com.apiTesting.LoginTest" name="verifyLoginWithoutEmail" time="1.330"/>
  <system-out/>
  <testcase classname="com.apiTesting.LoginTest" name="verifyLoginWithInvalidDetails" time="0.946"/>
  <system-out/>
</testsuite> <!-- com.apiTesting.LoginTest -->
